#-----------------------------------------------------------
# Webtalk v2017.2 (64-bit)
# SW Build 1909853 on Thu Jun 15 18:39:10 MDT 2017
# 
# Start of session at: Tue Oct  3 16:11:59 2017
# Process ID: 30005
# Current directory: /home/hding/Projects/flight-control/trunk/OcPoC_Zynq_Mini/Rev_3_0_Milestone/ocpoc_clean/ocpoc_rev1.sdk/webtalk
# Command line: wbtcv -mode batch -source sdk_webtalk.tcl
# Log file: /home/hding/Projects/flight-control/trunk/OcPoC_Zynq_Mini/Rev_3_0_Milestone/ocpoc_clean/ocpoc_rev1.sdk/webtalk/webtalk.log
# Journal file: /home/hding/Projects/flight-control/trunk/OcPoC_Zynq_Mini/Rev_3_0_Milestone/ocpoc_clean/ocpoc_rev1.sdk/webtalk/webtalk.jou
#-----------------------------------------------------------
source sdk_webtalk.tcl
# webtalk_init -webtalk_dir /home/hding/Projects/flight-control/trunk/OcPoC_Zynq_Mini/Rev_3_0_Milestone/ocpoc_clean/ocpoc_rev1.sdk/webtalk
# webtalk_register_client -client project
# webtalk_add_data -client project -key date_generated -value "2017-10-03 16:11:59" -context "software_version_and_target_device"
# webtalk_add_data -client project -key product_version -value "SDK v2017.2" -context "software_version_and_target_device"
# webtalk_add_data -client project -key build_version -value "2017.2" -context "software_version_and_target_device"
# webtalk_add_data -client project -key os_platform -value "amd64" -context "software_version_and_target_device"
# webtalk_add_data -client project -key registration_id -value "202636169_205625485_0_940" -context "software_version_and_target_device"
# webtalk_add_data -client project -key tool_flow -value "SDK" -context "software_version_and_target_device"
# webtalk_add_data -client project -key beta -value "false" -context "software_version_and_target_device"
# webtalk_add_data -client project -key route_design -value "NA" -context "software_version_and_target_device"
# webtalk_add_data -client project -key target_family -value "NA" -context "software_version_and_target_device"
# webtalk_add_data -client project -key target_device -value "NA" -context "software_version_and_target_device"
# webtalk_add_data -client project -key target_package -value "NA" -context "software_version_and_target_device"
# webtalk_add_data -client project -key target_speed -value "NA" -context "software_version_and_target_device"
# webtalk_add_data -client project -key random_id -value "a687jr5328lol65h521rs4hv9m" -context "software_version_and_target_device"
# webtalk_add_data -client project -key project_id -value "2017.2_1" -context "software_version_and_target_device"
# webtalk_add_data -client project -key project_iteration -value "1" -context "software_version_and_target_device"
# webtalk_add_data -client project -key os_name -value "Ubuntu" -context "user_environment"
# webtalk_add_data -client project -key os_release -value "Ubuntu 14.04.5 LTS" -context "user_environment"
# webtalk_add_data -client project -key cpu_name -value "Intel(R) Xeon(R) CPU E5-2630 v3 @ 2.40GHz" -context "user_environment"
# webtalk_add_data -client project -key cpu_speed -value "2099.906 MHz" -context "user_environment"
# webtalk_add_data -client project -key total_processors -value "1" -context "user_environment"
# webtalk_add_data -client project -key system_ram -value "67.000 GB" -context "user_environment"
# webtalk_register_client -client sdk
# webtalk_add_data -client sdk -key uid -value "1507064658000" -context "sdk\\\\hardware/1507064658000"
# webtalk_add_data -client sdk -key isZynq -value "true" -context "sdk\\\\hardware/1507064658000"
# webtalk_add_data -client sdk -key isZynqMP -value "false" -context "sdk\\\\hardware/1507064658000"
# webtalk_add_data -client sdk -key Processors -value "2" -context "sdk\\\\hardware/1507064658000"
# webtalk_add_data -client sdk -key VivadoVersion -value "2017.2" -context "sdk\\\\hardware/1507064658000"
# webtalk_add_data -client sdk -key Arch -value "zynq" -context "sdk\\\\hardware/1507064658000"
# webtalk_add_data -client sdk -key Device -value "7z010" -context "sdk\\\\hardware/1507064658000"
# webtalk_add_data -client sdk -key IsHandoff -value "true" -context "sdk\\\\hardware/1507064658000"
# webtalk_add_data -client sdk -key os -value "NA" -context "sdk\\\\hardware/1507064658000"
# webtalk_add_data -client sdk -key apptemplate -value "NA" -context "sdk\\\\hardware/1507064658000"
# webtalk_add_data -client sdk -key RecordType -value "HWCreation" -context "sdk\\\\hardware/1507064658000"
# webtalk_add_data -client sdk -key uid -value "NA" -context "sdk\\\\bsp/1507065119705"
# webtalk_add_data -client sdk -key RecordType -value "ToolUsage" -context "sdk\\\\bsp/1507065119705"
# webtalk_add_data -client sdk -key BootgenCount -value "1" -context "sdk\\\\bsp/1507065119705"
# webtalk_add_data -client sdk -key DebugCount -value "0" -context "sdk\\\\bsp/1507065119705"
# webtalk_add_data -client sdk -key PerfCount -value "0" -context "sdk\\\\bsp/1507065119705"
# webtalk_add_data -client sdk -key FlashCount -value "0" -context "sdk\\\\bsp/1507065119705"
# webtalk_add_data -client sdk -key CrossTriggCount -value "0" -context "sdk\\\\bsp/1507065119705"
# webtalk_add_data -client sdk -key QemuDebugCount -value "0" -context "sdk\\\\bsp/1507065119705"
# webtalk_transmit -clientid 3541815118 -regid "202636169_205625485_0_940" -xml /home/hding/Projects/flight-control/trunk/OcPoC_Zynq_Mini/Rev_3_0_Milestone/ocpoc_clean/ocpoc_rev1.sdk/webtalk/usage_statistics_ext_sdk.xml -html /home/hding/Projects/flight-control/trunk/OcPoC_Zynq_Mini/Rev_3_0_Milestone/ocpoc_clean/ocpoc_rev1.sdk/webtalk/usage_statistics_ext_sdk.html -wdm /home/hding/Projects/flight-control/trunk/OcPoC_Zynq_Mini/Rev_3_0_Milestone/ocpoc_clean/ocpoc_rev1.sdk/webtalk/sdk_webtalk.wdm -intro "<H3>SDK Usage Report</H3><BR>"
INFO: [Common 17-186] '/home/hding/Projects/flight-control/trunk/OcPoC_Zynq_Mini/Rev_3_0_Milestone/ocpoc_clean/ocpoc_rev1.sdk/webtalk/usage_statistics_ext_sdk.xml' has been successfully sent to Xilinx on Tue Oct  3 16:12:00 2017. For additional details about this file, please refer to the WebTalk help file at /opt/Xilinx/SDK/2017.2/doc/webtalk_introduction.html.
# webtalk_terminate
INFO: [Common 17-206] Exiting Webtalk at Tue Oct  3 16:12:00 2017...
