Copyright 1986-2017 Xilinx, Inc. All Rights Reserved.
-------------------------------------------------------------------------------------------------------------
| Tool Version : Vivado v.2017.2_sdx (lin64) Build 1972098 Wed Aug 23 11:34:38 MDT 2017
| Date         : Fri Dec  1 14:41:24 2017
| Host         : aerotennaKS running 64-bit unknown
| Command      : report_utilization -file ocpoc_top_utilization_synth.rpt -pb ocpoc_top_utilization_synth.pb
| Design       : ocpoc_top
| Device       : 7z010clg400-1
| Design State : Synthesized
-------------------------------------------------------------------------------------------------------------

Utilization Design Information

Table of Contents
-----------------
1. Slice Logic
1.1 Summary of Registers by Type
2. Memory
3. DSP
4. IO and GT Specific
5. Clocking
6. Specific Feature
7. Primitives
8. Black Boxes
9. Instantiated Netlists

1. Slice Logic
--------------

+----------------------------+------+-------+-----------+-------+
|          Site Type         | Used | Fixed | Available | Util% |
+----------------------------+------+-------+-----------+-------+
| Slice LUTs*                | 8198 |     0 |     17600 | 46.58 |
|   LUT as Logic             | 7907 |     0 |     17600 | 44.93 |
|   LUT as Memory            |  291 |     0 |      6000 |  4.85 |
|     LUT as Distributed RAM |    0 |     0 |           |       |
|     LUT as Shift Register  |  291 |     0 |           |       |
| Slice Registers            | 7905 |     0 |     35200 | 22.46 |
|   Register as Flip Flop    | 7905 |     0 |     35200 | 22.46 |
|   Register as Latch        |    0 |     0 |     35200 |  0.00 |
| F7 Muxes                   |  176 |     0 |      8800 |  2.00 |
| F8 Muxes                   |    0 |     0 |      4400 |  0.00 |
+----------------------------+------+-------+-----------+-------+
* Warning! The Final LUT count, after physical optimizations and full implementation, is typically lower. Run opt_design after synthesis, if not already completed, for a more realistic count.


1.1 Summary of Registers by Type
--------------------------------

+-------+--------------+-------------+--------------+
| Total | Clock Enable | Synchronous | Asynchronous |
+-------+--------------+-------------+--------------+
| 0     |            _ |           - |            - |
| 0     |            _ |           - |          Set |
| 0     |            _ |           - |        Reset |
| 0     |            _ |         Set |            - |
| 0     |            _ |       Reset |            - |
| 0     |          Yes |           - |            - |
| 0     |          Yes |           - |          Set |
| 0     |          Yes |           - |        Reset |
| 682   |          Yes |         Set |            - |
| 7223  |          Yes |       Reset |            - |
+-------+--------------+-------------+--------------+


2. Memory
---------

+-------------------+------+-------+-----------+-------+
|     Site Type     | Used | Fixed | Available | Util% |
+-------------------+------+-------+-----------+-------+
| Block RAM Tile    |  0.5 |     0 |        60 |  0.83 |
|   RAMB36/FIFO*    |    0 |     0 |        60 |  0.00 |
|   RAMB18          |    1 |     0 |       120 |  0.83 |
|     FIFO18E1 only |    1 |       |           |       |
+-------------------+------+-------+-----------+-------+
* Note: Each Block RAM Tile only has one FIFO logic available and therefore can accommodate only one FIFO36E1 or one FIFO18E1. However, if a FIFO18E1 occupies a Block RAM Tile, that tile can still accommodate a RAMB18E1


3. DSP
------

+-----------+------+-------+-----------+-------+
| Site Type | Used | Fixed | Available | Util% |
+-----------+------+-------+-----------+-------+
| DSPs      |    0 |     0 |        80 |  0.00 |
+-----------+------+-------+-----------+-------+


4. IO and GT Specific
---------------------

+-----------------------------+------+-------+-----------+--------+
|          Site Type          | Used | Fixed | Available |  Util% |
+-----------------------------+------+-------+-----------+--------+
| Bonded IOB                  |   53 |     0 |       100 |  53.00 |
| Bonded IPADs                |    0 |     0 |         2 |   0.00 |
| Bonded IOPADs               |  130 |     0 |       130 | 100.00 |
| PHY_CONTROL                 |    0 |     0 |         2 |   0.00 |
| PHASER_REF                  |    0 |     0 |         2 |   0.00 |
| OUT_FIFO                    |    0 |     0 |         8 |   0.00 |
| IN_FIFO                     |    0 |     0 |         8 |   0.00 |
| IDELAYCTRL                  |    0 |     0 |         2 |   0.00 |
| IBUFDS                      |    0 |     0 |        96 |   0.00 |
| PHASER_OUT/PHASER_OUT_PHY   |    0 |     0 |         8 |   0.00 |
| PHASER_IN/PHASER_IN_PHY     |    0 |     0 |         8 |   0.00 |
| IDELAYE2/IDELAYE2_FINEDELAY |    0 |     0 |       100 |   0.00 |
| ILOGIC                      |    0 |     0 |       100 |   0.00 |
| OLOGIC                      |    8 |     0 |       100 |   8.00 |
|   ODDR                      |    8 |       |           |        |
+-----------------------------+------+-------+-----------+--------+


5. Clocking
-----------

+------------+------+-------+-----------+-------+
|  Site Type | Used | Fixed | Available | Util% |
+------------+------+-------+-----------+-------+
| BUFGCTRL   |    2 |     0 |        32 |  6.25 |
| BUFIO      |    0 |     0 |         8 |  0.00 |
| MMCME2_ADV |    0 |     0 |         2 |  0.00 |
| PLLE2_ADV  |    0 |     0 |         2 |  0.00 |
| BUFMRCE    |    0 |     0 |         4 |  0.00 |
| BUFHCE     |    0 |     0 |        48 |  0.00 |
| BUFR       |    0 |     0 |         8 |  0.00 |
+------------+------+-------+-----------+-------+


6. Specific Feature
-------------------

+-------------+------+-------+-----------+--------+
|  Site Type  | Used | Fixed | Available |  Util% |
+-------------+------+-------+-----------+--------+
| BSCANE2     |    0 |     0 |         4 |   0.00 |
| CAPTUREE2   |    0 |     0 |         1 |   0.00 |
| DNA_PORT    |    0 |     0 |         1 |   0.00 |
| EFUSE_USR   |    0 |     0 |         1 |   0.00 |
| FRAME_ECCE2 |    0 |     0 |         1 |   0.00 |
| ICAPE2      |    0 |     0 |         2 |   0.00 |
| STARTUPE2   |    0 |     0 |         1 |   0.00 |
| XADC        |    1 |     0 |         1 | 100.00 |
+-------------+------+-------+-----------+--------+


7. Primitives
-------------

+----------+------+----------------------+
| Ref Name | Used |  Functional Category |
+----------+------+----------------------+
| FDRE     | 7223 |         Flop & Latch |
| LUT6     | 3223 |                  LUT |
| LUT1     | 1449 |                  LUT |
| LUT4     | 1390 |                  LUT |
| LUT5     | 1325 |                  LUT |
| LUT3     | 1002 |                  LUT |
| LUT2     |  800 |                  LUT |
| FDSE     |  682 |         Flop & Latch |
| CARRY4   |  526 |           CarryLogic |
| SRL16E   |  244 |   Distributed Memory |
| MUXF7    |  176 |                MuxFx |
| BIBUF    |  130 |                   IO |
| SRLC32E  |   47 |   Distributed Memory |
| IBUF     |   31 |                   IO |
| OBUF     |   22 |                   IO |
| OBUFT    |   20 |                   IO |
| ODDR     |    8 |                   IO |
| BUFG     |    2 |                Clock |
| XADC     |    1 |               Others |
| PS7      |    1 | Specialized Resource |
| FIFO18E1 |    1 |         Block Memory |
+----------+------+----------------------+


8. Black Boxes
--------------

+----------+------+
| Ref Name | Used |
+----------+------+


9. Instantiated Netlists
------------------------

+----------+------+
| Ref Name | Used |
+----------+------+


